\BOOKMARK [0][-]{chapter.1}{\376\377\000E\000S\000T\000R\000U\000C\000T\000U\000R\000A\000\040\000D\000E\000L\000\040\000S\000E\000C\000T\000O\000R\000\040\000E\000L\000\311\000C\000T\000R\000I\000C\000O}{}% 1
\BOOKMARK [1][-]{section.1.1}{\376\377\000S\000T\000N\000:\000\040\000S\000i\000s\000t\000e\000m\000a\000\040\000T\000r\000a\000n\000s\000m\000i\000s\000i\000\363\000n\000\040\000N\000a\000c\000i\000o\000n\000a\000l}{chapter.1}% 2
\BOOKMARK [1][-]{section.1.2}{\376\377\000S\000T\000R\000:\000\040\000S\000i\000s\000t\000e\000m\000a\000\040\000T\000r\000a\000n\000s\000m\000i\000s\000i\000\363\000n\000\040\000R\000e\000g\000i\000o\000n\000a\000l}{chapter.1}% 3
\BOOKMARK [1][-]{section.1.3}{\376\377\000S\000D\000L\000:\000\040\000S\000i\000s\000t\000e\000m\000a\000\040\000D\000i\000s\000t\000r\000i\000b\000u\000c\000i\000\363\000n\000\040\000L\000o\000c\000a\000l}{chapter.1}% 4
\BOOKMARK [1][-]{section.1.4}{\376\377\000A\000C\000T\000I\000V\000O\000S\000\040\000D\000E\000\040\000C\000O\000N\000E\000X\000I\000\323\000N}{chapter.1}% 5
\BOOKMARK [1][-]{section.1.5}{\376\377\000A\000R\000E\000A\000S\000\040\000D\000E\000\040\000D\000I\000S\000T\000R\000I\000B\000U\000C\000I\000\323\000N}{chapter.1}% 6
\BOOKMARK [1][-]{section.1.6}{\376\377\000A\000G\000E\000N\000T\000E\000S\000\040\000D\000E\000L\000\040\000S\000E\000C\000T\000O\000R}{chapter.1}% 7
\BOOKMARK [0][-]{chapter.2}{\376\377\000P\000L\000A\000N\000E\000A\000C\000I\000\323\000N\000\040\000Y\000\040\000O\000P\000E\000R\000A\000C\000I\000\323\000N\000\040\000D\000E\000L\000\040\000S\000I\000N}{}% 8
\BOOKMARK [1][-]{section.2.1}{\376\377\000P\000L\000A\000N\000E\000A\000M\000I\000E\000N\000T\000O\000\040\000O\000P\000E\000R\000A\000T\000I\000V\000O}{chapter.2}% 9
\BOOKMARK [2][-]{subsection.2.1.1}{\376\377\000P\000L\000A\000N\000E\000A\000M\000I\000E\000N\000T\000O\000\040\000E\000N\000E\000R\000G\000\311\000T\000I\000C\000O}{section.2.1}% 10
\BOOKMARK [1][-]{section.2.2}{\376\377\000D\000E\000S\000P\000A\000C\000H\000O\000\040\000E\000C\000O\000N\000\323\000M\000I\000C\000O}{chapter.2}% 11
\BOOKMARK [0][-]{chapter.3}{\376\377\000C\000O\000N\000T\000R\000O\000L\000\040\000Y\000\040\000E\000S\000T\000A\000B\000I\000L\000I\000D\000A\000D\000\040\000D\000E\000L\000\040\000S\000I\000S\000T\000E\000M\000A}{}% 12
\BOOKMARK [1][-]{section.3.1}{\376\377\000C\000O\000N\000T\000R\000O\000L\000\040\000D\000E\000\040\000T\000E\000N\000S\000I\000\323\000N}{chapter.3}% 13
\BOOKMARK [1][-]{section.3.2}{\376\377\000C\000O\000N\000T\000R\000O\000L\000\040\000D\000E\000\040\000F\000R\000E\000C\000U\000E\000N\000C\000I\000A}{chapter.3}% 14
\BOOKMARK [0][-]{chapter*.15}{\376\377\000A\000N\000E\000X\000O\000\040\000A\000:\000\040\000P\000E\000R\000F\000I\000L\000\040\000D\000E\000L\000\040\000C\000A\000R\000G\000O\000\040\000E\000S\000T\000R\000U\000C\000T\000U\000R\000A\000\040\000D\000E\000\040\000L\000A\000\040\000C\000O\000N\000V\000O\000C\000A\000T\000O\000R\000I\000A}{}% 15
\BOOKMARK [1][-]{section.3.3}{\376\377\000F\000u\000n\000c\000i\000o\000n\000e\000s\000\040\000d\000e\000l\000\040\000c\000a\000r\000g\000o}{chapter*.15}% 16
\BOOKMARK [1][-]{section.3.4}{\376\377\000C\000o\000n\000o\000c\000i\000m\000i\000e\000n\000t\000o\000s}{chapter*.15}% 17
\BOOKMARK [2][-]{subsection.3.4.1}{\376\377\000C\000O\000N\000O\000C\000I\000M\000I\000E\000N\000T\000O\000S\000\040\000C\000O\000M\000U\000N\000E\000S}{section.3.4}% 18
\BOOKMARK [2][-]{subsection.3.4.2}{\376\377\000C\000O\000N\000O\000C\000I\000M\000I\000E\000N\000T\000O\000S\000\040\000B\000\301\000S\000I\000C\000O\000S\000\040\000O\000\040\000E\000S\000E\000N\000C\000I\000A\000L\000E\000S\000\040\000P\000O\000R\000\040\000N\000I\000V\000E\000L\000\040\000J\000E\000R\000\301\000R\000Q\000U\000I\000C\000O}{section.3.4}% 19
\BOOKMARK [2][-]{subsection.3.4.3}{\376\377\000C\000O\000N\000O\000C\000I\000M\000I\000E\000N\000T\000O\000S\000\040\000E\000S\000P\000E\000C\000\315\000F\000I\000C\000O\000S\000\040\000P\000O\000R\000\040\000S\000U\000B\000P\000R\000O\000C\000E\000S\000O\000\040\000Y\000\040\000N\000I\000V\000E\000L\000\040\000J\000E\000R\000\301\000R\000Q\000U\000I\000C\000O}{section.3.4}% 20
\BOOKMARK [1][-]{section.3.5}{\376\377\000C\000O\000M\000P\000E\000T\000E\000N\000C\000I\000A\000S}{chapter*.15}% 21
\BOOKMARK [2][-]{subsection.3.5.1}{\376\377\000C\000O\000M\000P\000E\000T\000E\000N\000C\000I\000A\000S\000\040\000C\000O\000M\000P\000O\000R\000T\000A\000M\000E\000N\000T\000A\000L\000E\000S}{section.3.5}% 22
\BOOKMARK [2][-]{subsection.3.5.2}{\376\377\000C\000O\000M\000P\000E\000T\000E\000N\000C\000I\000A\000S\000\040\000F\000U\000N\000C\000I\000O\000N\000A\000L\000E\000S}{section.3.5}% 23
\BOOKMARK [1][-]{section.3.6}{\376\377\000R\000E\000S\000P\000O\000N\000S\000A\000B\000I\000L\000I\000D\000A\000D\000E\000S\000\040\000D\000E\000L\000\040\000\301\000R\000E\000A}{chapter*.15}% 24
\BOOKMARK [0][-]{chapter.4}{\376\377\000A\000N\000E\000X\000O\000\040\000B\000:\000\040\000L\000I\000S\000T\000A\000\040\000D\000E\000\040\000N\000O\000R\000M\000A\000S\000\040\000Y\000\040\000R\000E\000G\000L\000A\000M\000E\000N\000T\000O\000S}{}% 25
\BOOKMARK [0][-]{chapter.4}{\376\377\000A\000N\000E\000X\000O\000\040\000B\000:\000\040\000L\000I\000S\000T\000A\000\040\000D\000E\000\040\000N\000O\000R\000M\000A\000S\000\040\000Y\000\040\000R\000E\000G\000L\000A\000M\000E\000N\000T\000O\000S}{}% 26
\BOOKMARK [1][-]{section.4.1}{\376\377\000L\000e\000y\000e\000s}{chapter.4}% 27
\BOOKMARK [1][-]{section.4.2}{\376\377\000N\000o\000r\000m\000a\000t\000i\000v\000i\000d\000a\000d\000\040\000C\000a\000l\000i\000d\000a\000d\000\040\000d\000e\000l\000\040\000s\000e\000r\000v\000i\000c\000i\000o}{chapter.4}% 28
\BOOKMARK [1][-]{section.4.3}{\376\377\000N\000o\000r\000m\000a\000t\000i\000v\000i\000d\000a\000d\000\040\000R\000e\000p\000o\000r\000t\000e\000\040\000d\000e\000\040\000E\000v\000e\000n\000t\000o\000s}{chapter.4}% 29
